<?xml version="1.0" encoding="UTF-8"?>
<!-- Generated by org.testng.reporters.JUnitReportReporter -->
<testsuite skipped="0" hostname="DESKTOP-2V7MRDA" name="com.loginTestCases.CorrectPassword" tests="1" failures="0" timestamp="2022-06-02T17:32:12 IST" time="23.565" errors="0">
  <testcase name="loginWithCorrectPassword" time="23.565" classname="com.loginTestCases.CorrectPassword"/>
  <system-out/>
</testsuite> <!-- com.loginTestCases.CorrectPassword -->
