<?xml version="1.0" encoding="UTF-8"?>
<!-- Generated by org.testng.reporters.JUnitReportReporter -->
<testsuite skipped="0" hostname="DESKTOP-2V7MRDA" name="com.loginTestCases.BothIncorrect" tests="1" failures="0" timestamp="2022-06-02T17:32:12 IST" time="24.545" errors="0">
  <testcase name="loginWithCorrectUserNameAndINCorrectPasswoed" time="24.545" classname="com.loginTestCases.BothIncorrect"/>
  <system-out/>
</testsuite> <!-- com.loginTestCases.BothIncorrect -->
