<?xml version="1.0" encoding="UTF-8"?>
<!-- Generated by org.testng.reporters.JUnitReportReporter -->
<testsuite skipped="0" hostname="DESKTOP-2V7MRDA" name="com.loginTestCases.BothCorrect" tests="1" failures="0" timestamp="2022-06-02T17:32:12 IST" time="34.334" errors="0">
  <testcase name="loginWithCorrectUserNameAndCorrectPassword" time="34.334" classname="com.loginTestCases.BothCorrect"/>
  <system-out/>
</testsuite> <!-- com.loginTestCases.BothCorrect -->
