<?xml version="1.0" encoding="UTF-8"?>
<!-- Generated by org.testng.reporters.JUnitReportReporter -->
<testsuite skipped="0" hostname="DESKTOP-2V7MRDA" name="com.loginTestCases.CorrectUserName" tests="1" failures="0" timestamp="2022-06-02T17:32:12 IST" time="24.000" errors="0">
  <testcase name="loginWithCorrectUserName" time="24.000" classname="com.loginTestCases.CorrectUserName"/>
  <system-out/>
</testsuite> <!-- com.loginTestCases.CorrectUserName -->
